<?xml version="1.0" encoding="UTF-8"?>
<testsuite name="com.capgemini.service.CarServiceTest" time="1.204" tests="11" errors="0" skipped="0" failures="1">
  <properties>
    <property name="java.runtime.name" value="Java(TM) SE Runtime Environment"/>
    <property name="sun.boot.library.path" value="C:\projects\crash_course\jdk\jdk8\jre\bin"/>
    <property name="java.vm.version" value="25.66-b17"/>
    <property name="user.country.format" value="PL"/>
    <property name="java.vm.vendor" value="Oracle Corporation"/>
    <property name="maven.multiModuleProjectDirectory" value="C:\Users\dpawelcz\Desktop\starter-kit-jpa-starter\jpa1"/>
    <property name="java.vendor.url" value="http://java.oracle.com/"/>
    <property name="path.separator" value=";"/>
    <property name="guice.disable.misplaced.annotation.check" value="true"/>
    <property name="java.vm.name" value="Java HotSpot(TM) 64-Bit Server VM"/>
    <property name="file.encoding.pkg" value="sun.io"/>
    <property name="user.script" value=""/>
    <property name="user.country" value="US"/>
    <property name="sun.java.launcher" value="SUN_STANDARD"/>
    <property name="sun.os.patch.level" value="Service Pack 1"/>
    <property name="java.vm.specification.name" value="Java Virtual Machine Specification"/>
    <property name="user.dir" value="C:\Users\dpawelcz\Desktop\starter-kit-jpa-starter\jpa1"/>
    <property name="java.runtime.version" value="1.8.0_66-b17"/>
    <property name="java.awt.graphicsenv" value="sun.awt.Win32GraphicsEnvironment"/>
    <property name="java.endorsed.dirs" value="C:\projects\crash_course\jdk\jdk8\jre\lib\endorsed"/>
    <property name="os.arch" value="amd64"/>
    <property name="java.io.tmpdir" value="C:\Users\dpawelcz\AppData\Local\Temp\"/>
    <property name="line.separator" value="&#10;"/>
    <property name="java.vm.specification.vendor" value="Oracle Corporation"/>
    <property name="user.variant" value=""/>
    <property name="os.name" value="Windows 7"/>
    <property name="classworlds.conf" value="C:\projects\crash_course\\maven\bin\m2.conf"/>
    <property name="sun.jnu.encoding" value="Cp1252"/>
    <property name="java.library.path" value="C:\projects\crash_course\jdk\jdk8\bin;C:\WINDOWS\Sun\Java\bin;C:\WINDOWS\system32;C:\WINDOWS;C:\projects\crash_course\\jdk\jdk8\bin;C:\projects\crash_course\\maven\bin;C:\projects\crash_course\\git\cmd;C:\WINDOWS\system32;C:\WINDOWS;C:\WINDOWS\System32\Wbem;C:\WINDOWS\System32\WindowsPowerShell\v1.0\;C:\Program Files (x86)\Intel\Services\IPT\;C:\Program Files (x86)\Git\cmd;C:\Program Files (x86)\GitExtensions\;C:\Program Files (x86)\IDM Computer Solutions\UltraEdit;."/>
    <property name="java.specification.name" value="Java Platform API Specification"/>
    <property name="java.class.version" value="52.0"/>
    <property name="sun.management.compiler" value="HotSpot 64-Bit Tiered Compilers"/>
    <property name="os.version" value="6.1"/>
    <property name="user.home" value="C:\Users\dpawelcz"/>
    <property name="user.timezone" value="Europe/Berlin"/>
    <property name="java.awt.printerjob" value="sun.awt.windows.WPrinterJob"/>
    <property name="java.specification.version" value="1.8"/>
    <property name="file.encoding" value="Cp1252"/>
    <property name="user.name" value="DPAWELCZ"/>
    <property name="java.class.path" value="C:\projects\crash_course\\maven\boot\plexus-classworlds-2.5.2.jar"/>
    <property name="java.vm.specification.version" value="1.8"/>
    <property name="sun.arch.data.model" value="64"/>
    <property name="java.home" value="C:\projects\crash_course\jdk\jdk8\jre"/>
    <property name="sun.java.command" value="org.codehaus.plexus.classworlds.launcher.Launcher clean install"/>
    <property name="java.specification.vendor" value="Oracle Corporation"/>
    <property name="user.language" value="en"/>
    <property name="user.language.format" value="pl"/>
    <property name="awt.toolkit" value="sun.awt.windows.WToolkit"/>
    <property name="java.vm.info" value="mixed mode"/>
    <property name="java.version" value="1.8.0_66"/>
    <property name="java.ext.dirs" value="C:\projects\crash_course\jdk\jdk8\jre\lib\ext;C:\WINDOWS\Sun\Java\lib\ext"/>
    <property name="sun.boot.class.path" value="C:\projects\crash_course\jdk\jdk8\jre\lib\resources.jar;C:\projects\crash_course\jdk\jdk8\jre\lib\rt.jar;C:\projects\crash_course\jdk\jdk8\jre\lib\sunrsasign.jar;C:\projects\crash_course\jdk\jdk8\jre\lib\jsse.jar;C:\projects\crash_course\jdk\jdk8\jre\lib\jce.jar;C:\projects\crash_course\jdk\jdk8\jre\lib\charsets.jar;C:\projects\crash_course\jdk\jdk8\jre\lib\jfr.jar;C:\projects\crash_course\jdk\jdk8\jre\classes"/>
    <property name="sun.stderr.encoding" value="cp850"/>
    <property name="java.vendor" value="Oracle Corporation"/>
    <property name="maven.home" value="C:\projects\crash_course\maven"/>
    <property name="file.separator" value="\"/>
    <property name="java.vendor.url.bug" value="http://bugreport.sun.com/bugreport/"/>
    <property name="sun.cpu.endian" value="little"/>
    <property name="sun.io.unicode.encoding" value="UnicodeLittle"/>
    <property name="sun.stdout.encoding" value="cp850"/>
    <property name="sun.desktop" value="windows"/>
    <property name="sun.cpu.isalist" value="amd64"/>
  </properties>
  <testcase name="shouldFindCarByWorker" classname="com.capgemini.service.CarServiceTest" time="0.055"/>
  <testcase name="shouldUpdateCarDetails" classname="com.capgemini.service.CarServiceTest" time="0.044"/>
  <testcase name="shouldAddCarToWorker" classname="com.capgemini.service.CarServiceTest" time="0.076">
    <failure message="expected:&lt;1&gt; but was:&lt;2&gt;" type="java.lang.AssertionError"><![CDATA[java.lang.AssertionError: expected:<1> but was:<2>
	at org.junit.Assert.fail(Assert.java:88)
	at org.junit.Assert.failNotEquals(Assert.java:834)
	at org.junit.Assert.assertEquals(Assert.java:645)
	at org.junit.Assert.assertEquals(Assert.java:631)
	at com.capgemini.service.CarServiceTest.shouldAddCarToWorker(CarServiceTest.java:186)
]]></failure>
    <system-out><![CDATA[2017-11-16 18:43:26.330  INFO 9156 --- [           main] o.s.t.c.transaction.TransactionContext   : Began transaction (1) for test context [DefaultTestContext@3b4825f0 testClass = CarServiceTest, testInstance = com.capgemini.service.CarServiceTest@7c20cdd0, testMethod = shouldAddCarToWorker@CarServiceTest, testException = [null], mergedContextConfiguration = [MergedContextConfiguration@4887de2b testClass = CarServiceTest, locations = '{}', classes = '{class com.capgemini.StarterKitJpaStarterApplication}', contextInitializerClasses = '[]', activeProfiles = '{}', propertySourceLocations = '{}', propertySourceProperties = '{spring.profiles.active=mysql, spring.datasource.username=root, spring.datasource.password=Qwerty123, org.springframework.boot.test.context.SpringBootTestContextBootstrapper=true}', contextCustomizers = set[org.springframework.boot.test.context.SpringBootTestContextCustomizer@6ddf90b0, org.springframework.boot.test.context.filter.ExcludeFilterContextCustomizer@5a8e6209, org.springframework.boot.test.mock.mockito.MockitoContextCustomizer@0, org.springframework.boot.test.autoconfigure.properties.PropertyMappingContextCustomizer@0], contextLoader = 'org.springframework.boot.test.context.SpringBootContextLoader', parent = [null]]]; transaction manager [org.springframework.orm.jpa.JpaTransactionManager@12e5da86]; rollback [true]
2017-11-16 18:43:26.335 DEBUG 9156 --- [           main] org.hibernate.SQL                        : 
    select
        workerenti0_.id as id1_5_0_,
        workerenti0_.version as version2_5_0_,
        workerenti0_.persisting_history as persisti3_5_0_,
        workerenti0_.age as age4_5_0_,
        workerenti0_.division_id as division8_5_0_,
        workerenti0_.name as name5_5_0_,
        workerenti0_.position_name as position6_5_0_,
        workerenti0_.surname as surname7_5_0_,
        divisionen1_.id as id1_3_1_,
        divisionen1_.version as version2_3_1_,
        divisionen1_.persisting_history as persisti3_3_1_,
        divisionen1_.city as city4_3_1_,
        divisionen1_.email_address as email_ad5_3_1_,
        divisionen1_.phone_number as phone_nu6_3_1_,
        divisionen1_.street_address as street_a7_3_1_ 
    from
        workers workerenti0_ 
    left outer join
        division divisionen1_ 
            on workerenti0_.division_id=divisionen1_.id 
    where
        workerenti0_.id=?
Hibernate: 
    select
        workerenti0_.id as id1_5_0_,
        workerenti0_.version as version2_5_0_,
        workerenti0_.persisting_history as persisti3_5_0_,
        workerenti0_.age as age4_5_0_,
        workerenti0_.division_id as division8_5_0_,
        workerenti0_.name as name5_5_0_,
        workerenti0_.position_name as position6_5_0_,
        workerenti0_.surname as surname7_5_0_,
        divisionen1_.id as id1_3_1_,
        divisionen1_.version as version2_3_1_,
        divisionen1_.persisting_history as persisti3_3_1_,
        divisionen1_.city as city4_3_1_,
        divisionen1_.email_address as email_ad5_3_1_,
        divisionen1_.phone_number as phone_nu6_3_1_,
        divisionen1_.street_address as street_a7_3_1_ 
    from
        workers workerenti0_ 
    left outer join
        division divisionen1_ 
            on workerenti0_.division_id=divisionen1_.id 
    where
        workerenti0_.id=?
2017-11-16 18:43:26.338 TRACE 9156 --- [           main] o.h.type.descriptor.sql.BasicBinder      : binding parameter [1] as [BIGINT] - [2]
2017-11-16 18:43:26.354 DEBUG 9156 --- [           main] org.hibernate.SQL                        : 
    select
        cars0_.workers_id as workers_2_1_0_,
        cars0_.cars_id as cars_id1_1_0_,
        carentity1_.id as id1_0_1_,
        carentity1_.version as version2_0_1_,
        carentity1_.persisting_history as persisti3_0_1_,
        carentity1_.car_brand as car_bran4_0_1_,
        carentity1_.car_name as car_name5_0_1_,
        carentity1_.car_type as car_type6_0_1_,
        carentity1_.color as color7_0_1_,
        carentity1_.engine_capacity as engine_c8_0_1_,
        carentity1_.engine_power as engine_p9_0_1_,
        carentity1_.mileage as mileage10_0_1_,
        carentity1_.price_by_day as price_b11_0_1_,
        carentity1_.production_year as product12_0_1_ 
    from
        car_workers cars0_ 
    inner join
        car carentity1_ 
            on cars0_.cars_id=carentity1_.id 
    where
        cars0_.workers_id=?
Hibernate: 
    select
        cars0_.workers_id as workers_2_1_0_,
        cars0_.cars_id as cars_id1_1_0_,
        carentity1_.id as id1_0_1_,
        carentity1_.version as version2_0_1_,
        carentity1_.persisting_history as persisti3_0_1_,
        carentity1_.car_brand as car_bran4_0_1_,
        carentity1_.car_name as car_name5_0_1_,
        carentity1_.car_type as car_type6_0_1_,
        carentity1_.color as color7_0_1_,
        carentity1_.engine_capacity as engine_c8_0_1_,
        carentity1_.engine_power as engine_p9_0_1_,
        carentity1_.mileage as mileage10_0_1_,
        carentity1_.price_by_day as price_b11_0_1_,
        carentity1_.production_year as product12_0_1_ 
    from
        car_workers cars0_ 
    inner join
        car carentity1_ 
            on cars0_.cars_id=carentity1_.id 
    where
        cars0_.workers_id=?
2017-11-16 18:43:26.355 TRACE 9156 --- [           main] o.h.type.descriptor.sql.BasicBinder      : binding parameter [1] as [BIGINT] - [2]
2017-11-16 18:43:26.371 DEBUG 9156 --- [           main] org.hibernate.SQL                        : 
    select
        carentity0_.id as id1_0_0_,
        carentity0_.version as version2_0_0_,
        carentity0_.persisting_history as persisti3_0_0_,
        carentity0_.car_brand as car_bran4_0_0_,
        carentity0_.car_name as car_name5_0_0_,
        carentity0_.car_type as car_type6_0_0_,
        carentity0_.color as color7_0_0_,
        carentity0_.engine_capacity as engine_c8_0_0_,
        carentity0_.engine_power as engine_p9_0_0_,
        carentity0_.mileage as mileage10_0_0_,
        carentity0_.price_by_day as price_b11_0_0_,
        carentity0_.production_year as product12_0_0_ 
    from
        car carentity0_ 
    where
        carentity0_.id=?
Hibernate: 
    select
        carentity0_.id as id1_0_0_,
        carentity0_.version as version2_0_0_,
        carentity0_.persisting_history as persisti3_0_0_,
        carentity0_.car_brand as car_bran4_0_0_,
        carentity0_.car_name as car_name5_0_0_,
        carentity0_.car_type as car_type6_0_0_,
        carentity0_.color as color7_0_0_,
        carentity0_.engine_capacity as engine_c8_0_0_,
        carentity0_.engine_power as engine_p9_0_0_,
        carentity0_.mileage as mileage10_0_0_,
        carentity0_.price_by_day as price_b11_0_0_,
        carentity0_.production_year as product12_0_0_ 
    from
        car carentity0_ 
    where
        carentity0_.id=?
2017-11-16 18:43:26.372 TRACE 9156 --- [           main] o.h.type.descriptor.sql.BasicBinder      : binding parameter [1] as [BIGINT] - [3]
2017-11-16 18:43:26.394  INFO 9156 --- [           main] o.s.t.c.transaction.TransactionContext   : Rolled back transaction for test context [DefaultTestContext@3b4825f0 testClass = CarServiceTest, testInstance = com.capgemini.service.CarServiceTest@7c20cdd0, testMethod = shouldAddCarToWorker@CarServiceTest, testException = java.lang.AssertionError: expected:<1> but was:<2>, mergedContextConfiguration = [MergedContextConfiguration@4887de2b testClass = CarServiceTest, locations = '{}', classes = '{class com.capgemini.StarterKitJpaStarterApplication}', contextInitializerClasses = '[]', activeProfiles = '{}', propertySourceLocations = '{}', propertySourceProperties = '{spring.profiles.active=mysql, spring.datasource.username=root, spring.datasource.password=Qwerty123, org.springframework.boot.test.context.SpringBootTestContextBootstrapper=true}', contextCustomizers = set[org.springframework.boot.test.context.SpringBootTestContextCustomizer@6ddf90b0, org.springframework.boot.test.context.filter.ExcludeFilterContextCustomizer@5a8e6209, org.springframework.boot.test.mock.mockito.MockitoContextCustomizer@0, org.springframework.boot.test.autoconfigure.properties.PropertyMappingContextCustomizer@0], contextLoader = 'org.springframework.boot.test.context.SpringBootContextLoader', parent = [null]]].
]]></system-out>
  </testcase>
  <testcase name="shouldDeleteCar" classname="com.capgemini.service.CarServiceTest" time="0.353"/>
  <testcase name="shouldNotFindCarByBrand" classname="com.capgemini.service.CarServiceTest" time="0.037"/>
  <testcase name="shouldFindCarByBrand" classname="com.capgemini.service.CarServiceTest" time="0.037"/>
  <testcase name="shouldFindCarByTypeAndBrand" classname="com.capgemini.service.CarServiceTest" time="0.043"/>
  <testcase name="shouldNotFindCarByTypeAndBrand" classname="com.capgemini.service.CarServiceTest" time="0.052"/>
  <testcase name="shouldNotFindCarByType" classname="com.capgemini.service.CarServiceTest" time="0.384"/>
  <testcase name="shouldFindCarByType" classname="com.capgemini.service.CarServiceTest" time="0.035"/>
  <testcase name="shouldSaveCar" classname="com.capgemini.service.CarServiceTest" time="0.088"/>
</testsuite>